[2026-06-09T13:26:32.999Z] TypeError: Cannot read properties of undefined (reading '0')
    at Object.getTpAnuncios (C:\Projetos\avvante-mercado-livre\src\services\tpAnuncio\getTpAnuncios.js:7:32)
    at process.processTicksAndRejections (node:internal/process/task_queues:95:5)
    at async Object.tpAnunciosAtualizar (C:\Projetos\avvante-mercado-livre\src\services\tpAnuncio\tpAnuncios.js:6:27)
    at async tpAnuncioSave (C:\Projetos\avvante-mercado-livre\src\jobs\execJobs.js:24:5)
    at async Iniciar (C:\Projetos\avvante-mercado-livre\src\jobs\execJobs.js:64:3)

[2026-06-09T13:26:34.037Z] TypeError: Cannot read properties of undefined (reading '0')
    at Object.getCategorias (C:\Projetos\avvante-mercado-livre\src\services\categoria\getCategorias.js:7:32)
    at process.processTicksAndRejections (node:internal/process/task_queues:95:5)
    at async Object.categoriasAtualizar (C:\Projetos\avvante-mercado-livre\src\services\categoria\categorias.js:6:27)
    at async categoriasSave (C:\Projetos\avvante-mercado-livre\src\jobs\execJobs.js:34:5)
    at async Iniciar (C:\Projetos\avvante-mercado-livre\src\jobs\execJobs.js:65:3)

[2026-06-09T13:26:34.894Z] TypeError: Cannot read properties of undefined (reading '0')
    at Object.getProdutosAll (C:\Projetos\avvante-mercado-livre\src\services\produto\getProdutosAll.js:7:32)
    at process.processTicksAndRejections (node:internal/process/task_queues:95:5)
    at async Object.produtosAtualizar (C:\Projetos\avvante-mercado-livre\src\services\produto\produtos.js:7:28)
    at async produtosSave (C:\Projetos\avvante-mercado-livre\src\jobs\execJobs.js:44:5)
    at async Iniciar (C:\Projetos\avvante-mercado-livre\src\jobs\execJobs.js:66:3)

[2026-06-09T13:26:35.998Z] TypeError: Cannot read properties of undefined (reading '0')
    at Object.getOrdensAll (C:\Projetos\avvante-mercado-livre\src\services\ordem\getOrdensAll.js:7:32)
    at process.processTicksAndRejections (node:internal/process/task_queues:95:5)
    at async Object.ordensAtualizar (C:\Projetos\avvante-mercado-livre\src\services\ordem\ordens.js:11:26)
    at async ordensSave (C:\Projetos\avvante-mercado-livre\src\jobs\execJobs.js:54:5)
    at async Iniciar (C:\Projetos\avvante-mercado-livre\src\jobs\execJobs.js:67:3)

[2026-06-09T17:47:21.418Z] TypeError: Cannot read properties of undefined (reading '0')
    at Object.getTpAnuncios (C:\Projetos\avvante-mercado-livre\src\services\tpAnuncio\getTpAnuncios.js:7:32)
    at process.processTicksAndRejections (node:internal/process/task_queues:95:5)
    at async Object.tpAnunciosAtualizar (C:\Projetos\avvante-mercado-livre\src\services\tpAnuncio\tpAnuncios.js:6:27)
    at async tpAnuncioSave (C:\Projetos\avvante-mercado-livre\src\jobs\execJobs.js:24:5)
    at async Iniciar (C:\Projetos\avvante-mercado-livre\src\jobs\execJobs.js:64:3)

[2026-06-09T17:47:22.162Z] TypeError: Cannot read properties of undefined (reading '0')
    at Object.getCategorias (C:\Projetos\avvante-mercado-livre\src\services\categoria\getCategorias.js:7:32)
    at process.processTicksAndRejections (node:internal/process/task_queues:95:5)
    at async Object.categoriasAtualizar (C:\Projetos\avvante-mercado-livre\src\services\categoria\categorias.js:6:27)
    at async categoriasSave (C:\Projetos\avvante-mercado-livre\src\jobs\execJobs.js:34:5)
    at async Iniciar (C:\Projetos\avvante-mercado-livre\src\jobs\execJobs.js:65:3)

[2026-06-09T17:47:23.231Z] TypeError: Cannot read properties of undefined (reading '0')
    at Object.getProdutosAll (C:\Projetos\avvante-mercado-livre\src\services\produto\getProdutosAll.js:7:32)
    at process.processTicksAndRejections (node:internal/process/task_queues:95:5)
    at async Object.produtosAtualizar (C:\Projetos\avvante-mercado-livre\src\services\produto\produtos.js:7:28)
    at async produtosSave (C:\Projetos\avvante-mercado-livre\src\jobs\execJobs.js:44:5)
    at async Iniciar (C:\Projetos\avvante-mercado-livre\src\jobs\execJobs.js:66:3)

[2026-06-09T17:47:24.177Z] TypeError: Cannot read properties of undefined (reading '0')
    at Object.getOrdensAll (C:\Projetos\avvante-mercado-livre\src\services\ordem\getOrdensAll.js:7:32)
    at process.processTicksAndRejections (node:internal/process/task_queues:95:5)
    at async Object.ordensAtualizar (C:\Projetos\avvante-mercado-livre\src\services\ordem\ordens.js:11:26)
    at async ordensSave (C:\Projetos\avvante-mercado-livre\src\jobs\execJobs.js:54:5)
    at async Iniciar (C:\Projetos\avvante-mercado-livre\src\jobs\execJobs.js:67:3)

